app/build/intermediates/manifest_merge_blame_file/debug/processDebugMainManifest/manifest-merger-blame-debug-report.txt
1<?xml version="1.0" encoding="utf-8"?>
2<manifest xmlns:android="http://schemas.android.com/apk/res/android"
3    package="com.example.personalplanner"
4    android:versionCode="1"
5    android:versionName="1.0" >
6
7    <uses-sdk
8        android:minSdkVersion="23"
9        android:targetSdkVersion="35" />
10
11    <permission
11-->[androidx.core:core:1.13.0] AndroidManifest.xml:22:5-24:47
12        android:name="com.example.personalplanner.DYNAMIC_RECEIVER_NOT_EXPORTED_PERMISSION"
12-->[androidx.core:core:1.13.0] AndroidManifest.xml:23:9-81
13        android:protectionLevel="signature" />
13-->[androidx.core:core:1.13.0] AndroidManifest.xml:24:9-44
14
15    <uses-permission android:name="com.example.personalplanner.DYNAMIC_RECEIVER_NOT_EXPORTED_PERMISSION" />
15-->[androidx.core:core:1.13.0] AndroidManifest.xml:26:5-97
15-->[androidx.core:core:1.13.0] AndroidManifest.xml:26:22-94
16
17    <application
17-->src\main\AndroidManifest.xml:4:5-41:19
18        android:allowBackup="true"
18-->src\main\AndroidManifest.xml:5:9-35
19        android:appComponentFactory="androidx.core.app.CoreComponentFactory"
19-->[androidx.core:core:1.13.0] AndroidManifest.xml:28:18-86
20        android:debuggable="true"
21        android:extractNativeLibs="false"
22        android:label="@string/app_name"
22-->src\main\AndroidManifest.xml:6:9-41
23        android:supportsRtl="true"
23-->src\main\AndroidManifest.xml:7:9-35
24        android:theme="@style/Theme.PersonalPlanner" >
24-->src\main\AndroidManifest.xml:8:9-53
25        <activity
25-->src\main\AndroidManifest.xml:10:9-12:40
26            android:name="com.example.personalplanner.activity.TaskDetailActivity"
26-->src\main\AndroidManifest.xml:11:13-56
27            android:exported="false" />
27-->src\main\AndroidManifest.xml:12:13-37
28        <activity
28-->src\main\AndroidManifest.xml:14:9-16:40
29            android:name="com.example.personalplanner.activity.AddTaskActivity"
29-->src\main\AndroidManifest.xml:15:13-53
30            android:exported="false" />
30-->src\main\AndroidManifest.xml:16:13-37
31        <activity
31-->src\main\AndroidManifest.xml:18:9-20:40
32            android:name="com.example.personalplanner.activity.MainActivity"
32-->src\main\AndroidManifest.xml:19:13-50
33            android:exported="false" />
33-->src\main\AndroidManifest.xml:20:13-37
34        <activity
34-->src\main\AndroidManifest.xml:22:9-24:40
35            android:name="com.example.personalplanner.activity.RegisterActivity"
35-->src\main\AndroidManifest.xml:23:13-54
36            android:exported="false" />
36-->src\main\AndroidManifest.xml:24:13-37
37        <activity
37-->src\main\AndroidManifest.xml:26:9-28:40
38            android:name="com.example.personalplanner.activity.LoginActivity"
38-->src\main\AndroidManifest.xml:27:13-51
39            android:exported="false" />
39-->src\main\AndroidManifest.xml:28:13-37
40        <activity
40-->src\main\AndroidManifest.xml:30:9-39:20
41            android:name="com.example.personalplanner.activity.SplashActivity"
41-->src\main\AndroidManifest.xml:31:13-52
42            android:exported="true" >
42-->src\main\AndroidManifest.xml:32:13-36
43            <intent-filter>
43-->src\main\AndroidManifest.xml:34:13-37:29
44                <action android:name="android.intent.action.MAIN" />
44-->src\main\AndroidManifest.xml:35:17-69
44-->src\main\AndroidManifest.xml:35:25-66
45
46                <category android:name="android.intent.category.LAUNCHER" />
46-->src\main\AndroidManifest.xml:36:17-77
46-->src\main\AndroidManifest.xml:36:27-74
47            </intent-filter>
48        </activity>
49
50        <provider
50-->[androidx.emoji2:emoji2:1.3.0] AndroidManifest.xml:24:9-32:20
51            android:name="androidx.startup.InitializationProvider"
51-->[androidx.emoji2:emoji2:1.3.0] AndroidManifest.xml:25:13-67
52            android:authorities="com.example.personalplanner.androidx-startup"
52-->[androidx.emoji2:emoji2:1.3.0] AndroidManifest.xml:26:13-68
53            android:exported="false" >
53-->[androidx.emoji2:emoji2:1.3.0] AndroidManifest.xml:27:13-37
54            <meta-data
54-->[androidx.emoji2:emoji2:1.3.0] AndroidManifest.xml:29:13-31:52
55                android:name="androidx.emoji2.text.EmojiCompatInitializer"
55-->[androidx.emoji2:emoji2:1.3.0] AndroidManifest.xml:30:17-75
56                android:value="androidx.startup" />
56-->[androidx.emoji2:emoji2:1.3.0] AndroidManifest.xml:31:17-49
57            <meta-data
57-->[androidx.lifecycle:lifecycle-process:2.6.2] AndroidManifest.xml:29:13-31:52
58                android:name="androidx.lifecycle.ProcessLifecycleInitializer"
58-->[androidx.lifecycle:lifecycle-process:2.6.2] AndroidManifest.xml:30:17-78
59                android:value="androidx.startup" />
59-->[androidx.lifecycle:lifecycle-process:2.6.2] AndroidManifest.xml:31:17-49
60            <meta-data
60-->[androidx.profileinstaller:profileinstaller:1.3.1] AndroidManifest.xml:29:13-31:52
61                android:name="androidx.profileinstaller.ProfileInstallerInitializer"
61-->[androidx.profileinstaller:profileinstaller:1.3.1] AndroidManifest.xml:30:17-85
62                android:value="androidx.startup" />
62-->[androidx.profileinstaller:profileinstaller:1.3.1] AndroidManifest.xml:31:17-49
63        </provider>
64
65        <receiver
65-->[androidx.profileinstaller:profileinstaller:1.3.1] AndroidManifest.xml:34:9-52:20
66            android:name="androidx.profileinstaller.ProfileInstallReceiver"
66-->[androidx.profileinstaller:profileinstaller:1.3.1] AndroidManifest.xml:35:13-76
67            android:directBootAware="false"
67-->[androidx.profileinstaller:profileinstaller:1.3.1] AndroidManifest.xml:36:13-44
68            android:enabled="true"
68-->[androidx.profileinstaller:profileinstaller:1.3.1] AndroidManifest.xml:37:13-35
69            android:exported="true"
69-->[androidx.profileinstaller:profileinstaller:1.3.1] AndroidManifest.xml:38:13-36
70            android:permission="android.permission.DUMP" >
70-->[androidx.profileinstaller:profileinstaller:1.3.1] AndroidManifest.xml:39:13-57
71            <intent-filter>
71-->[androidx.profileinstaller:profileinstaller:1.3.1] AndroidManifest.xml:40:13-42:29
72                <action android:name="androidx.profileinstaller.action.INSTALL_PROFILE" />
72-->[androidx.profileinstaller:profileinstaller:1.3.1] AndroidManifest.xml:41:17-91
72-->[androidx.profileinstaller:profileinstaller:1.3.1] AndroidManifest.xml:41:25-88
73            </intent-filter>
74            <intent-filter>
74-->[androidx.profileinstaller:profileinstaller:1.3.1] AndroidManifest.xml:43:13-45:29
75                <action android:name="androidx.profileinstaller.action.SKIP_FILE" />
75-->[androidx.profileinstaller:profileinstaller:1.3.1] AndroidManifest.xml:44:17-85
75-->[androidx.profileinstaller:profileinstaller:1.3.1] AndroidManifest.xml:44:25-82
76            </intent-filter>
77            <intent-filter>
77-->[androidx.profileinstaller:profileinstaller:1.3.1] AndroidManifest.xml:46:13-48:29
78                <action android:name="androidx.profileinstaller.action.SAVE_PROFILE" />
78-->[androidx.profileinstaller:profileinstaller:1.3.1] AndroidManifest.xml:47:17-88
78-->[androidx.profileinstaller:profileinstaller:1.3.1] AndroidManifest.xml:47:25-85
79            </intent-filter>
80            <intent-filter>
80-->[androidx.profileinstaller:profileinstaller:1.3.1] AndroidManifest.xml:49:13-51:29
81                <action android:name="androidx.profileinstaller.action.BENCHMARK_OPERATION" />
81-->[androidx.profileinstaller:profileinstaller:1.3.1] AndroidManifest.xml:50:17-95
81-->[androidx.profileinstaller:profileinstaller:1.3.1] AndroidManifest.xml:50:25-92
82            </intent-filter>
83        </receiver>
84    </application>
85
86</manifest>